<?xml version="1.0" encoding="UTF-8"?>
<testsuite xmlns:xsi="http://www.w3.org/2001/XMLSchema-instance" xsi:noNamespaceSchemaLocation="https://maven.apache.org/surefire/maven-surefire-plugin/xsd/surefire-test-report.xsd" name="isen.m1.chaillan.BookTest" time="0.113" tests="14" errors="1" skipped="0" failures="2">
  <properties>
    <property name="sun.desktop" value="windows"/>
    <property name="awt.toolkit" value="sun.awt.windows.WToolkit"/>
    <property name="file.encoding.pkg" value="sun.io"/>
    <property name="java.specification.version" value="1.8"/>
    <property name="sun.cpu.isalist" value="amd64"/>
    <property name="sun.jnu.encoding" value="Cp1252"/>
    <property name="java.class.path" value="C:\Users\tomch\Documents\java\AdvanceJava\my-app\target\test-classes;C:\Users\tomch\Documents\java\AdvanceJava\my-app\target\classes;C:\Users\tomch\.m2\repository\junit\junit\4.11\junit-4.11.jar;C:\Users\tomch\.m2\repository\org\hamcrest\hamcrest-core\1.3\hamcrest-core-1.3.jar;C:\Users\tomch\.m2\repository\org\apache\commons\commons-lang3\3.9\commons-lang3-3.9.jar;"/>
    <property name="java.vm.vendor" value=""/>
    <property name="sun.arch.data.model" value="64"/>
    <property name="user.variant" value=""/>
    <property name="java.vendor.url" value="http://java.oracle.com/"/>
    <property name="user.timezone" value="Europe/Paris"/>
    <property name="java.vm.specification.version" value="1.8"/>
    <property name="os.name" value="Windows 10"/>
    <property name="user.country" value="FR"/>
    <property name="sun.java.launcher" value="SUN_STANDARD"/>
    <property name="sun.boot.library.path" value="C:\Program Files\Java\jdk8u242-b08\jre\bin"/>
    <property name="sun.java.command" value="C:\Users\tomch\AppData\Local\Temp\surefire1490926497423349878\surefirebooter5137477939484453838.jar C:\Users\tomch\AppData\Local\Temp\surefire1490926497423349878 2020-03-09T18-28-34_598-jvmRun1 surefire5577702632346693275tmp surefire_06732600201726307531tmp"/>
    <property name="surefire.test.class.path" value="C:\Users\tomch\Documents\java\AdvanceJava\my-app\target\test-classes;C:\Users\tomch\Documents\java\AdvanceJava\my-app\target\classes;C:\Users\tomch\.m2\repository\junit\junit\4.11\junit-4.11.jar;C:\Users\tomch\.m2\repository\org\hamcrest\hamcrest-core\1.3\hamcrest-core-1.3.jar;C:\Users\tomch\.m2\repository\org\apache\commons\commons-lang3\3.9\commons-lang3-3.9.jar;"/>
    <property name="sun.cpu.endian" value="little"/>
    <property name="user.home" value="C:\Users\tomch"/>
    <property name="user.language" value="fr"/>
    <property name="java.specification.vendor" value="Oracle Corporation"/>
    <property name="java.home" value="C:\Program Files\Java\jdk8u242-b08\jre"/>
    <property name="basedir" value="C:\Users\tomch\Documents\java\AdvanceJava\my-app"/>
    <property name="file.separator" value="\"/>
    <property name="line.separator" value="&#10;"/>
    <property name="java.vm.specification.vendor" value="Oracle Corporation"/>
    <property name="java.specification.name" value="Java Platform API Specification"/>
    <property name="java.awt.graphicsenv" value="sun.awt.Win32GraphicsEnvironment"/>
    <property name="surefire.real.class.path" value="C:\Users\tomch\AppData\Local\Temp\surefire1490926497423349878\surefirebooter5137477939484453838.jar"/>
    <property name="sun.boot.class.path" value="C:\Program Files\Java\jdk8u242-b08\jre\lib\resources.jar;C:\Program Files\Java\jdk8u242-b08\jre\lib\rt.jar;C:\Program Files\Java\jdk8u242-b08\jre\lib\sunrsasign.jar;C:\Program Files\Java\jdk8u242-b08\jre\lib\jsse.jar;C:\Program Files\Java\jdk8u242-b08\jre\lib\jce.jar;C:\Program Files\Java\jdk8u242-b08\jre\lib\charsets.jar;C:\Program Files\Java\jdk8u242-b08\jre\lib\jfr.jar;C:\Program Files\Java\jdk8u242-b08\jre\classes"/>
    <property name="user.script" value=""/>
    <property name="sun.management.compiler" value="HotSpot 64-Bit Tiered Compilers"/>
    <property name="java.runtime.version" value="1.8.0_242-b08"/>
    <property name="user.name" value="tomch"/>
    <property name="path.separator" value=";"/>
    <property name="os.version" value="10.0"/>
    <property name="java.endorsed.dirs" value="C:\Program Files\Java\jdk8u242-b08\jre\lib\endorsed"/>
    <property name="java.runtime.name" value="OpenJDK Runtime Environment"/>
    <property name="file.encoding" value="Cp1252"/>
    <property name="java.vm.name" value="OpenJDK 64-Bit Server VM"/>
    <property name="localRepository" value="C:\Users\tomch\.m2\repository"/>
    <property name="java.vendor.url.bug" value="http://bugreport.sun.com/bugreport/"/>
    <property name="java.io.tmpdir" value="C:\Users\tomch\AppData\Local\Temp\"/>
    <property name="java.version" value="1.8.0_242"/>
    <property name="user.dir" value="C:\Users\tomch\Documents\java\AdvanceJava\my-app"/>
    <property name="os.arch" value="amd64"/>
    <property name="java.vm.specification.name" value="Java Virtual Machine Specification"/>
    <property name="java.awt.printerjob" value="sun.awt.windows.WPrinterJob"/>
    <property name="sun.os.patch.level" value=""/>
    <property name="java.library.path" value="C:\Program Files\Java\jdk8u242-b08\jre\bin;C:\WINDOWS\Sun\Java\bin;C:\WINDOWS\system32;C:\WINDOWS;C:\Program Files (x86)\NVIDIA Corporation\PhysX\Common;C:\WINDOWS\system32;C:\WINDOWS;C:\WINDOWS\System32\Wbem;C:\WINDOWS\System32\WindowsPowerShell\v1.0\;C:\WINDOWS\System32\OpenSSH\;C:\Program Files\dotnet\;C:\Program Files\Microsoft SQL Server\130\Tools\Binn\;C:\Program Files\Microsoft SQL Server\Client SDK\ODBC\170\Tools\Binn\;C:\Program Files (x86)\Microsoft SQL Server\110\Tools\Binn\;C:\Program Files\Microsoft SQL Server\110\Tools\Binn\;C:\Program Files\Microsoft SQL Server\110\DTS\Binn\;C:\Program Files (x86)\Microsoft SQL Server\110\Tools\Binn\ManagementStudio\;C:\Program Files (x86)\Microsoft SQL Server\110\DTS\Binn\;C:\;C:\Users\tomch\AppData\Roaming\npm;C:\Program Files\Git\cmd;C:\Program Files\Java\apache-maven-3.6.3\bin;C:\Program Files\Kubernetes\Minikube;C:\glassfish5\bin;D:\payara5\bin;C:\Program Files\MySQL\MySQL Shell 8.0\bin\;C:\Users\tomch\AppData\Local\Programs\Python\Python38\Scripts\;C:\Users\tomch\AppData\Local\Programs\Python\Python38\;C:\Program Files\Java\jdk8u242-b08\bin;C:\Users\tomch\AppData\Local\Microsoft\WindowsApps;C:\Program Files (x86)\mingw-w64\i686-8.1.0-posix-dwarf-rt_v6-rev0\mingw32\bin;C:\Users\tomch\AppData\Local\Programs\Microsoft VS Code\bin;C:\Users\tomch\AppData\Local\GitHubDesktop\bin;C:\Users\tomch\AppData\Local\Microsoft\WindowsApps;C:\Users\tomch\AppData\Roaming\npm;C:\Program Files\Docker Toolbox;;."/>
    <property name="java.vm.info" value="mixed mode"/>
    <property name="java.vendor" value="AdoptOpenJDK"/>
    <property name="java.vm.version" value="25.242-b08"/>
    <property name="java.ext.dirs" value="C:\Program Files\Java\jdk8u242-b08\jre\lib\ext;C:\WINDOWS\Sun\Java\lib\ext"/>
    <property name="sun.io.unicode.encoding" value="UnicodeLittle"/>
    <property name="java.class.version" value="52.0"/>
  </properties>
  <testcase name="testDeleteFalse" classname="isen.m1.chaillan.BookTest" time="0.022">
    <failure message="Expected exception: isen.m1.chaillan.exception.NoSuchBookException" type="java.lang.AssertionError">java.lang.AssertionError: Expected exception: isen.m1.chaillan.exception.NoSuchBookException
</failure>
  </testcase>
  <testcase name="testIsbnKindle" classname="isen.m1.chaillan.BookTest" time="0"/>
  <testcase name="testUpdateError" classname="isen.m1.chaillan.BookTest" time="0">
    <error message="Unexpected exception, expected&lt;isen.m1.chaillan.exception.NoSuchBookException&gt; but was&lt;isen.m1.chaillan.exception.NoSuchIsnbException&gt;" type="java.lang.Exception"><![CDATA[java.lang.Exception: Unexpected exception, expected<isen.m1.chaillan.exception.NoSuchBookException> but was<isen.m1.chaillan.exception.NoSuchIsnbException>
	at isen.m1.chaillan.BookTest.testUpdateError(BookTest.java:100)
]]></error>
  </testcase>
  <testcase name="testFind" classname="isen.m1.chaillan.BookTest" time="0.001">
    <failure type="java.lang.AssertionError">java.lang.AssertionError
	at isen.m1.chaillan.BookTest.testFind(BookTest.java:61)
</failure>
  </testcase>
  <testcase name="testPrintError" classname="isen.m1.chaillan.BookTest" time="0.005"/>
  <testcase name="testDateFormat" classname="isen.m1.chaillan.BookTest" time="0.006"/>
  <testcase name="testTitleError2" classname="isen.m1.chaillan.BookTest" time="0"/>
  <testcase name="testTitleError3" classname="isen.m1.chaillan.BookTest" time="0"/>
  <testcase name="testTitleError4" classname="isen.m1.chaillan.BookTest" time="0"/>
  <testcase name="testTitleUpperCase" classname="isen.m1.chaillan.BookTest" time="0"/>
  <testcase name="testDeleteTrue" classname="isen.m1.chaillan.BookTest" time="0"/>
  <testcase name="testFindError" classname="isen.m1.chaillan.BookTest" time="0"/>
  <testcase name="testUpdate" classname="isen.m1.chaillan.BookTest" time="0"/>
  <testcase name="testTitleError" classname="isen.m1.chaillan.BookTest" time="0"/>
</testsuite>