<?xml version="1.0" encoding="UTF-8"?>
<testsuite xmlns:xsi="http://www.w3.org/2001/XMLSchema-instance" xsi:noNamespaceSchemaLocation="https://maven.apache.org/surefire/maven-surefire-plugin/xsd/surefire-test-report.xsd" name="isen.m1.chaillan.BookTest" time="0.113" tests="14" errors="1" skipped="0" failures="2">
  <properties>
[...]
</properties>
  <testcase name="testDeleteFalse" classname="isen.m1.chaillan.BookTest" time="0.022">
    <failure message="Expected exception: isen.m1.chaillan.exception.NoSuchBookException" type="java.lang.AssertionError">java.lang.AssertionError: Expected exception: isen.m1.chaillan.exception.NoSuchBookException
</failure>
  </testcase>
  <testcase name="testIsbnKindle" classname="isen.m1.chaillan.BookTest" time="0"/>
  <testcase name="testUpdateError" classname="isen.m1.chaillan.BookTest" time="0">
    <error message="Unexpected exception, expected&lt;isen.m1.chaillan.exception.NoSuchBookException&gt; but was&lt;isen.m1.chaillan.exception.NoSuchIsnbException&gt;" type="java.lang.Exception"><![CDATA[java.lang.Exception: Unexpected exception, expected<isen.m1.chaillan.exception.NoSuchBookException> but was<isen.m1.chaillan.exception.NoSuchIsnbException>
	at isen.m1.chaillan.BookTest.testUpdateError(BookTest.java:100)
]]></error>
  </testcase>
  <testcase name="testFind" classname="isen.m1.chaillan.BookTest" time="0.001">
    <failure type="java.lang.AssertionError">java.lang.AssertionError
	at isen.m1.chaillan.BookTest.testFind(BookTest.java:61)
</failure>
  </testcase>
  <testcase name="testPrintError" classname="isen.m1.chaillan.BookTest" time="0.005"/>
  <testcase name="testDateFormat" classname="isen.m1.chaillan.BookTest" time="0.006"/>
  <testcase name="testTitleError2" classname="isen.m1.chaillan.BookTest" time="0"/>
  <testcase name="testTitleError3" classname="isen.m1.chaillan.BookTest" time="0"/>
  <testcase name="testTitleError4" classname="isen.m1.chaillan.BookTest" time="0"/>
  <testcase name="testTitleUpperCase" classname="isen.m1.chaillan.BookTest" time="0"/>
  <testcase name="testDeleteTrue" classname="isen.m1.chaillan.BookTest" time="0"/>
  <testcase name="testFindError" classname="isen.m1.chaillan.BookTest" time="0"/>
  <testcase name="testUpdate" classname="isen.m1.chaillan.BookTest" time="0"/>
  <testcase name="testTitleError" classname="isen.m1.chaillan.BookTest" time="0"/>
</testsuite>